<?xml version="1.0" encoding="UTF-8"?>
<!-- Generated by org.testng.reporters.JUnitReportReporter -->
<testsuite skipped="0" hostname="DESKTOP-SPPT2CF" name="users.SingleUserTest" tests="1" failures="0" timestamp="10 Jun 2022 15:49:18 GMT" time="0.440" errors="0">
  <testcase name="successSingleUserTest" time="0.440" classname="users.SingleUserTest"/>
</testsuite> <!-- users.SingleUserTest -->
