<?xml version="1.0" encoding="UTF-8"?>
<!-- Generated by org.testng.reporters.JUnitReportReporter -->
<testsuite skipped="0" hostname="DESKTOP-SPPT2CF" name="postTest" tests="1" failures="0" timestamp="10 Jun 2022 15:24:46 GMT" time="1.139" errors="0">
  <testcase name="first" time="1.139" classname="postTest"/>
</testsuite> <!-- postTest -->
