<?xml version="1.0" encoding="UTF-8"?>
<!-- Generated by org.testng.reporters.JUnitReportReporter -->
<testsuite skipped="0" hostname="DESKTOP-SPPT2CF" name="jsonSchemaTest" tests="1" failures="0" timestamp="10 Jun 2022 15:32:58 GMT" time="4.705" errors="0">
  <testcase name="first" time="4.705" classname="jsonSchemaTest"/>
</testsuite> <!-- jsonSchemaTest -->
