<?xml version="1.0" encoding="UTF-8"?>
<!-- Generated by org.testng.reporters.JUnitReportReporter -->
<testsuite skipped="0" hostname="DESKTOP-SPPT2CF" name="jsonTest" tests="1" failures="0" timestamp="10 Jun 2022 15:32:58 GMT" time="0.799" errors="0">
  <testcase name="first" time="0.799" classname="jsonTest"/>
</testsuite> <!-- jsonTest -->
