<?xml version="1.0" encoding="UTF-8"?>
<!-- Generated by org.testng.reporters.JUnitReportReporter -->
<testsuite skipped="0" hostname="DESKTOP-SPPT2CF" name="users.ListUsersTest" tests="1" failures="0" timestamp="10 Jun 2022 15:49:18 GMT" time="4.476" errors="0">
  <testcase name="succesListUsersTest" time="4.476" classname="users.ListUsersTest"/>
</testsuite> <!-- users.ListUsersTest -->
